[2021-11-02 21:21:05] request.INFO: Matched route "api_translation_value_edit". {"route":"api_translation_value_edit","route_parameters":{"_controller":"prestashop.core.api.translation.controller:translationEditAction","_legacy_controller":"AdminTranslations","_route":"api_translation_value_edit"},"request_uri":"http://localhost/prestashop/prestashop/admin057uc2t3k/index.php/api/translations/edit?_token=E35pwG9S1ircJykpEPfZRFKPRsQmCehOa7bulfz4Ylg","method":"POST"} []
[2021-11-02 21:21:05] security.DEBUG: Read existing security token from the session. {"key":"_security_main","token_class":"Symfony\\Component\\Security\\Core\\Authentication\\Token\\UsernamePasswordToken"} []
[2021-11-02 21:21:05] security.DEBUG: User was reloaded from a user provider. {"provider":"PrestaShopBundle\\Security\\Admin\\EmployeeProvider","username":"hm@example.com"} []
[2021-11-02 21:21:05] app.ERROR: No result was found for query although at least one row was expected. {"object_type":"Translation"} []
[2021-11-02 21:21:06] cache.WARNING: Failed to clear the cache {"exception":"[object] (UnexpectedValueException(code: 0): RecursiveDirectoryIterator::__construct(/var/www/html/prestashop/prestashop/var/cache/prod/pools/Ufcf4U+E1i/): failed to open dir: No such file or directory at /var/www/html/prestashop/prestashop/vendor/symfony/symfony/src/Symfony/Component/Cache/Traits/FilesystemCommonTrait.php:58)"} []
[2021-11-02 21:21:06] cache.WARNING: Failed to clear the cache {"exception":"[object] (UnexpectedValueException(code: 0): RecursiveDirectoryIterator::__construct(/var/www/html/prestashop/prestashop/var/cache/prod/pools/IXeXzCpszV/): failed to open dir: No such file or directory at /var/www/html/prestashop/prestashop/vendor/symfony/symfony/src/Symfony/Component/Cache/Traits/FilesystemCommonTrait.php:58)"} []
[2021-11-02 21:21:06] cache.WARNING: Failed to clear the cache {"exception":"[object] (UnexpectedValueException(code: 0): RecursiveDirectoryIterator::__construct(/var/www/html/prestashop/prestashop/var/cache/prod/pools/SHyjmAKqf7/): failed to open dir: No such file or directory at /var/www/html/prestashop/prestashop/vendor/symfony/symfony/src/Symfony/Component/Cache/Traits/FilesystemCommonTrait.php:58)"} []
[2021-11-02 21:21:06] cache.WARNING: Failed to clear the cache {"exception":"[object] (UnexpectedValueException(code: 0): RecursiveDirectoryIterator::__construct(/var/www/html/prestashop/prestashop/var/cache/prod/pools/0hFSV4afJj/): failed to open dir: No such file or directory at /var/www/html/prestashop/prestashop/vendor/symfony/symfony/src/Symfony/Component/Cache/Traits/FilesystemCommonTrait.php:58)"} []
[2021-11-02 21:21:06] security.DEBUG: Stored the security token in the session. {"key":"_security_main"} []
[2021-11-02 21:22:57] request.INFO: Matched route "api_translation_value_edit". {"route":"api_translation_value_edit","route_parameters":{"_controller":"prestashop.core.api.translation.controller:translationEditAction","_legacy_controller":"AdminTranslations","_route":"api_translation_value_edit"},"request_uri":"http://localhost/prestashop/prestashop/admin057uc2t3k/index.php/api/translations/edit?_token=E35pwG9S1ircJykpEPfZRFKPRsQmCehOa7bulfz4Ylg","method":"POST"} []
[2021-11-02 21:22:57] security.DEBUG: Read existing security token from the session. {"key":"_security_main","token_class":"Symfony\\Component\\Security\\Core\\Authentication\\Token\\UsernamePasswordToken"} []
[2021-11-02 21:22:57] security.DEBUG: User was reloaded from a user provider. {"provider":"PrestaShopBundle\\Security\\Admin\\EmployeeProvider","username":"hm@example.com"} []
[2021-11-02 21:22:58] app.ERROR: No result was found for query although at least one row was expected. {"object_type":"Translation"} []
[2021-11-02 21:22:58] cache.WARNING: Failed to clear the cache {"exception":"[object] (UnexpectedValueException(code: 0): RecursiveDirectoryIterator::__construct(/var/www/html/prestashop/prestashop/var/cache/prod/pools/Ufcf4U+E1i/): failed to open dir: No such file or directory at /var/www/html/prestashop/prestashop/vendor/symfony/symfony/src/Symfony/Component/Cache/Traits/FilesystemCommonTrait.php:58)"} []
[2021-11-02 21:22:58] cache.WARNING: Failed to clear the cache {"exception":"[object] (UnexpectedValueException(code: 0): RecursiveDirectoryIterator::__construct(/var/www/html/prestashop/prestashop/var/cache/prod/pools/IXeXzCpszV/): failed to open dir: No such file or directory at /var/www/html/prestashop/prestashop/vendor/symfony/symfony/src/Symfony/Component/Cache/Traits/FilesystemCommonTrait.php:58)"} []
[2021-11-02 21:22:58] cache.WARNING: Failed to clear the cache {"exception":"[object] (UnexpectedValueException(code: 0): RecursiveDirectoryIterator::__construct(/var/www/html/prestashop/prestashop/var/cache/prod/pools/SHyjmAKqf7/): failed to open dir: No such file or directory at /var/www/html/prestashop/prestashop/vendor/symfony/symfony/src/Symfony/Component/Cache/Traits/FilesystemCommonTrait.php:58)"} []
[2021-11-02 21:22:58] cache.WARNING: Failed to clear the cache {"exception":"[object] (UnexpectedValueException(code: 0): RecursiveDirectoryIterator::__construct(/var/www/html/prestashop/prestashop/var/cache/prod/pools/0hFSV4afJj/): failed to open dir: No such file or directory at /var/www/html/prestashop/prestashop/vendor/symfony/symfony/src/Symfony/Component/Cache/Traits/FilesystemCommonTrait.php:58)"} []
[2021-11-02 21:22:58] security.DEBUG: Stored the security token in the session. {"key":"_security_main"} []
[2021-11-02 21:40:13] request.INFO: Matched route "api_translation_value_edit". {"route":"api_translation_value_edit","route_parameters":{"_controller":"prestashop.core.api.translation.controller:translationEditAction","_legacy_controller":"AdminTranslations","_route":"api_translation_value_edit"},"request_uri":"http://localhost/prestashop/prestashop/admin057uc2t3k/index.php/api/translations/edit?_token=E35pwG9S1ircJykpEPfZRFKPRsQmCehOa7bulfz4Ylg","method":"POST"} []
[2021-11-02 21:40:13] security.DEBUG: Read existing security token from the session. {"key":"_security_main","token_class":"Symfony\\Component\\Security\\Core\\Authentication\\Token\\UsernamePasswordToken"} []
[2021-11-02 21:40:13] security.DEBUG: User was reloaded from a user provider. {"provider":"PrestaShopBundle\\Security\\Admin\\EmployeeProvider","username":"hm@example.com"} []
[2021-11-02 21:40:13] app.ERROR: No result was found for query although at least one row was expected. {"object_type":"Translation"} []
[2021-11-02 21:40:13] app.ERROR: No result was found for query although at least one row was expected. {"object_type":"Translation"} []
[2021-11-02 21:40:13] app.ERROR: No result was found for query although at least one row was expected. {"object_type":"Translation"} []
[2021-11-02 21:40:13] app.ERROR: No result was found for query although at least one row was expected. {"object_type":"Translation"} []
[2021-11-02 21:40:13] app.ERROR: No result was found for query although at least one row was expected. {"object_type":"Translation"} []
[2021-11-02 21:40:13] app.ERROR: No result was found for query although at least one row was expected. {"object_type":"Translation"} []
[2021-11-02 21:40:13] app.ERROR: No result was found for query although at least one row was expected. {"object_type":"Translation"} []
[2021-11-02 21:40:14] app.ERROR: No result was found for query although at least one row was expected. {"object_type":"Translation"} []
[2021-11-02 21:40:14] app.ERROR: No result was found for query although at least one row was expected. {"object_type":"Translation"} []
[2021-11-02 21:40:14] app.ERROR: No result was found for query although at least one row was expected. {"object_type":"Translation"} []
[2021-11-02 21:40:14] app.ERROR: No result was found for query although at least one row was expected. {"object_type":"Translation"} []
[2021-11-02 21:40:14] app.ERROR: No result was found for query although at least one row was expected. {"object_type":"Translation"} []
[2021-11-02 21:40:14] cache.WARNING: Failed to clear the cache {"exception":"[object] (UnexpectedValueException(code: 0): RecursiveDirectoryIterator::__construct(/var/www/html/prestashop/prestashop/var/cache/prod/pools/Ufcf4U+E1i/): failed to open dir: No such file or directory at /var/www/html/prestashop/prestashop/vendor/symfony/symfony/src/Symfony/Component/Cache/Traits/FilesystemCommonTrait.php:58)"} []
[2021-11-02 21:40:14] cache.WARNING: Failed to clear the cache {"exception":"[object] (UnexpectedValueException(code: 0): RecursiveDirectoryIterator::__construct(/var/www/html/prestashop/prestashop/var/cache/prod/pools/IXeXzCpszV/): failed to open dir: No such file or directory at /var/www/html/prestashop/prestashop/vendor/symfony/symfony/src/Symfony/Component/Cache/Traits/FilesystemCommonTrait.php:58)"} []
[2021-11-02 21:40:14] cache.WARNING: Failed to clear the cache {"exception":"[object] (UnexpectedValueException(code: 0): RecursiveDirectoryIterator::__construct(/var/www/html/prestashop/prestashop/var/cache/prod/pools/SHyjmAKqf7/): failed to open dir: No such file or directory at /var/www/html/prestashop/prestashop/vendor/symfony/symfony/src/Symfony/Component/Cache/Traits/FilesystemCommonTrait.php:58)"} []
[2021-11-02 21:40:14] cache.WARNING: Failed to clear the cache {"exception":"[object] (UnexpectedValueException(code: 0): RecursiveDirectoryIterator::__construct(/var/www/html/prestashop/prestashop/var/cache/prod/pools/0hFSV4afJj/): failed to open dir: No such file or directory at /var/www/html/prestashop/prestashop/vendor/symfony/symfony/src/Symfony/Component/Cache/Traits/FilesystemCommonTrait.php:58)"} []
[2021-11-02 21:40:14] security.DEBUG: Stored the security token in the session. {"key":"_security_main"} []
[2021-11-02 21:42:40] request.INFO: Matched route "api_translation_value_edit". {"route":"api_translation_value_edit","route_parameters":{"_controller":"prestashop.core.api.translation.controller:translationEditAction","_legacy_controller":"AdminTranslations","_route":"api_translation_value_edit"},"request_uri":"http://localhost/prestashop/prestashop/admin057uc2t3k/index.php/api/translations/edit?_token=E35pwG9S1ircJykpEPfZRFKPRsQmCehOa7bulfz4Ylg","method":"POST"} []
[2021-11-02 21:42:40] security.DEBUG: Read existing security token from the session. {"key":"_security_main","token_class":"Symfony\\Component\\Security\\Core\\Authentication\\Token\\UsernamePasswordToken"} []
[2021-11-02 21:42:40] security.DEBUG: User was reloaded from a user provider. {"provider":"PrestaShopBundle\\Security\\Admin\\EmployeeProvider","username":"hm@example.com"} []
[2021-11-02 21:42:40] app.ERROR: No result was found for query although at least one row was expected. {"object_type":"Translation"} []
[2021-11-02 21:42:40] app.ERROR: No result was found for query although at least one row was expected. {"object_type":"Translation"} []
[2021-11-02 21:42:40] app.ERROR: No result was found for query although at least one row was expected. {"object_type":"Translation"} []
[2021-11-02 21:42:41] cache.WARNING: Failed to clear the cache {"exception":"[object] (UnexpectedValueException(code: 0): RecursiveDirectoryIterator::__construct(/var/www/html/prestashop/prestashop/var/cache/prod/pools/Ufcf4U+E1i/): failed to open dir: No such file or directory at /var/www/html/prestashop/prestashop/vendor/symfony/symfony/src/Symfony/Component/Cache/Traits/FilesystemCommonTrait.php:58)"} []
[2021-11-02 21:42:41] cache.WARNING: Failed to clear the cache {"exception":"[object] (UnexpectedValueException(code: 0): RecursiveDirectoryIterator::__construct(/var/www/html/prestashop/prestashop/var/cache/prod/pools/IXeXzCpszV/): failed to open dir: No such file or directory at /var/www/html/prestashop/prestashop/vendor/symfony/symfony/src/Symfony/Component/Cache/Traits/FilesystemCommonTrait.php:58)"} []
[2021-11-02 21:42:41] cache.WARNING: Failed to clear the cache {"exception":"[object] (UnexpectedValueException(code: 0): RecursiveDirectoryIterator::__construct(/var/www/html/prestashop/prestashop/var/cache/prod/pools/SHyjmAKqf7/): failed to open dir: No such file or directory at /var/www/html/prestashop/prestashop/vendor/symfony/symfony/src/Symfony/Component/Cache/Traits/FilesystemCommonTrait.php:58)"} []
[2021-11-02 21:42:41] cache.WARNING: Failed to clear the cache {"exception":"[object] (UnexpectedValueException(code: 0): RecursiveDirectoryIterator::__construct(/var/www/html/prestashop/prestashop/var/cache/prod/pools/0hFSV4afJj/): failed to open dir: No such file or directory at /var/www/html/prestashop/prestashop/vendor/symfony/symfony/src/Symfony/Component/Cache/Traits/FilesystemCommonTrait.php:58)"} []
[2021-11-02 21:42:41] security.DEBUG: Stored the security token in the session. {"key":"_security_main"} []
[2021-11-02 21:43:34] request.INFO: Matched route "api_translation_value_edit". {"route":"api_translation_value_edit","route_parameters":{"_controller":"prestashop.core.api.translation.controller:translationEditAction","_legacy_controller":"AdminTranslations","_route":"api_translation_value_edit"},"request_uri":"http://localhost/prestashop/prestashop/admin057uc2t3k/index.php/api/translations/edit?_token=E35pwG9S1ircJykpEPfZRFKPRsQmCehOa7bulfz4Ylg","method":"POST"} []
[2021-11-02 21:43:34] security.DEBUG: Read existing security token from the session. {"key":"_security_main","token_class":"Symfony\\Component\\Security\\Core\\Authentication\\Token\\UsernamePasswordToken"} []
[2021-11-02 21:43:34] security.DEBUG: User was reloaded from a user provider. {"provider":"PrestaShopBundle\\Security\\Admin\\EmployeeProvider","username":"hm@example.com"} []
[2021-11-02 21:43:34] app.ERROR: No result was found for query although at least one row was expected. {"object_type":"Translation"} []
[2021-11-02 21:43:34] cache.WARNING: Failed to clear the cache {"exception":"[object] (UnexpectedValueException(code: 0): RecursiveDirectoryIterator::__construct(/var/www/html/prestashop/prestashop/var/cache/prod/pools/Ufcf4U+E1i/): failed to open dir: No such file or directory at /var/www/html/prestashop/prestashop/vendor/symfony/symfony/src/Symfony/Component/Cache/Traits/FilesystemCommonTrait.php:58)"} []
[2021-11-02 21:43:34] cache.WARNING: Failed to clear the cache {"exception":"[object] (UnexpectedValueException(code: 0): RecursiveDirectoryIterator::__construct(/var/www/html/prestashop/prestashop/var/cache/prod/pools/IXeXzCpszV/): failed to open dir: No such file or directory at /var/www/html/prestashop/prestashop/vendor/symfony/symfony/src/Symfony/Component/Cache/Traits/FilesystemCommonTrait.php:58)"} []
[2021-11-02 21:43:34] cache.WARNING: Failed to clear the cache {"exception":"[object] (UnexpectedValueException(code: 0): RecursiveDirectoryIterator::__construct(/var/www/html/prestashop/prestashop/var/cache/prod/pools/SHyjmAKqf7/): failed to open dir: No such file or directory at /var/www/html/prestashop/prestashop/vendor/symfony/symfony/src/Symfony/Component/Cache/Traits/FilesystemCommonTrait.php:58)"} []
[2021-11-02 21:43:34] cache.WARNING: Failed to clear the cache {"exception":"[object] (UnexpectedValueException(code: 0): RecursiveDirectoryIterator::__construct(/var/www/html/prestashop/prestashop/var/cache/prod/pools/0hFSV4afJj/): failed to open dir: No such file or directory at /var/www/html/prestashop/prestashop/vendor/symfony/symfony/src/Symfony/Component/Cache/Traits/FilesystemCommonTrait.php:58)"} []
[2021-11-02 21:43:34] security.DEBUG: Stored the security token in the session. {"key":"_security_main"} []
[2021-11-02 21:46:42] request.INFO: Matched route "api_translation_value_edit". {"route":"api_translation_value_edit","route_parameters":{"_controller":"prestashop.core.api.translation.controller:translationEditAction","_legacy_controller":"AdminTranslations","_route":"api_translation_value_edit"},"request_uri":"http://localhost/prestashop/prestashop/admin057uc2t3k/index.php/api/translations/edit?_token=E35pwG9S1ircJykpEPfZRFKPRsQmCehOa7bulfz4Ylg","method":"POST"} []
[2021-11-02 21:46:42] security.DEBUG: Read existing security token from the session. {"key":"_security_main","token_class":"Symfony\\Component\\Security\\Core\\Authentication\\Token\\UsernamePasswordToken"} []
[2021-11-02 21:46:42] security.DEBUG: User was reloaded from a user provider. {"provider":"PrestaShopBundle\\Security\\Admin\\EmployeeProvider","username":"hm@example.com"} []
[2021-11-02 21:46:42] app.ERROR: No result was found for query although at least one row was expected. {"object_type":"Translation"} []
[2021-11-02 21:46:42] app.ERROR: No result was found for query although at least one row was expected. {"object_type":"Translation"} []
[2021-11-02 21:46:42] app.ERROR: No result was found for query although at least one row was expected. {"object_type":"Translation"} []
[2021-11-02 21:46:42] app.ERROR: No result was found for query although at least one row was expected. {"object_type":"Translation"} []
[2021-11-02 21:46:42] app.ERROR: No result was found for query although at least one row was expected. {"object_type":"Translation"} []
[2021-11-02 21:46:42] app.ERROR: No result was found for query although at least one row was expected. {"object_type":"Translation"} []
[2021-11-02 21:46:42] cache.WARNING: Failed to clear the cache {"exception":"[object] (UnexpectedValueException(code: 0): RecursiveDirectoryIterator::__construct(/var/www/html/prestashop/prestashop/var/cache/prod/pools/Ufcf4U+E1i/): failed to open dir: No such file or directory at /var/www/html/prestashop/prestashop/vendor/symfony/symfony/src/Symfony/Component/Cache/Traits/FilesystemCommonTrait.php:58)"} []
[2021-11-02 21:46:42] cache.WARNING: Failed to clear the cache {"exception":"[object] (UnexpectedValueException(code: 0): RecursiveDirectoryIterator::__construct(/var/www/html/prestashop/prestashop/var/cache/prod/pools/IXeXzCpszV/): failed to open dir: No such file or directory at /var/www/html/prestashop/prestashop/vendor/symfony/symfony/src/Symfony/Component/Cache/Traits/FilesystemCommonTrait.php:58)"} []
[2021-11-02 21:46:42] cache.WARNING: Failed to clear the cache {"exception":"[object] (UnexpectedValueException(code: 0): RecursiveDirectoryIterator::__construct(/var/www/html/prestashop/prestashop/var/cache/prod/pools/SHyjmAKqf7/): failed to open dir: No such file or directory at /var/www/html/prestashop/prestashop/vendor/symfony/symfony/src/Symfony/Component/Cache/Traits/FilesystemCommonTrait.php:58)"} []
[2021-11-02 21:46:42] cache.WARNING: Failed to clear the cache {"exception":"[object] (UnexpectedValueException(code: 0): RecursiveDirectoryIterator::__construct(/var/www/html/prestashop/prestashop/var/cache/prod/pools/0hFSV4afJj/): failed to open dir: No such file or directory at /var/www/html/prestashop/prestashop/vendor/symfony/symfony/src/Symfony/Component/Cache/Traits/FilesystemCommonTrait.php:58)"} []
[2021-11-02 21:46:42] security.DEBUG: Stored the security token in the session. {"key":"_security_main"} []
[2021-11-02 21:48:36] request.INFO: Matched route "api_translation_value_edit". {"route":"api_translation_value_edit","route_parameters":{"_controller":"prestashop.core.api.translation.controller:translationEditAction","_legacy_controller":"AdminTranslations","_route":"api_translation_value_edit"},"request_uri":"http://localhost/prestashop/prestashop/admin057uc2t3k/index.php/api/translations/edit?_token=E35pwG9S1ircJykpEPfZRFKPRsQmCehOa7bulfz4Ylg","method":"POST"} []
[2021-11-02 21:48:36] security.DEBUG: Read existing security token from the session. {"key":"_security_main","token_class":"Symfony\\Component\\Security\\Core\\Authentication\\Token\\UsernamePasswordToken"} []
[2021-11-02 21:48:36] security.DEBUG: User was reloaded from a user provider. {"provider":"PrestaShopBundle\\Security\\Admin\\EmployeeProvider","username":"hm@example.com"} []
[2021-11-02 21:48:36] app.ERROR: No result was found for query although at least one row was expected. {"object_type":"Translation"} []
[2021-11-02 21:48:36] app.ERROR: No result was found for query although at least one row was expected. {"object_type":"Translation"} []
[2021-11-02 21:48:36] app.ERROR: No result was found for query although at least one row was expected. {"object_type":"Translation"} []
[2021-11-02 21:48:36] cache.WARNING: Failed to clear the cache {"exception":"[object] (UnexpectedValueException(code: 0): RecursiveDirectoryIterator::__construct(/var/www/html/prestashop/prestashop/var/cache/prod/pools/Ufcf4U+E1i/): failed to open dir: No such file or directory at /var/www/html/prestashop/prestashop/vendor/symfony/symfony/src/Symfony/Component/Cache/Traits/FilesystemCommonTrait.php:58)"} []
[2021-11-02 21:48:36] cache.WARNING: Failed to clear the cache {"exception":"[object] (UnexpectedValueException(code: 0): RecursiveDirectoryIterator::__construct(/var/www/html/prestashop/prestashop/var/cache/prod/pools/IXeXzCpszV/): failed to open dir: No such file or directory at /var/www/html/prestashop/prestashop/vendor/symfony/symfony/src/Symfony/Component/Cache/Traits/FilesystemCommonTrait.php:58)"} []
[2021-11-02 21:48:36] cache.WARNING: Failed to clear the cache {"exception":"[object] (UnexpectedValueException(code: 0): RecursiveDirectoryIterator::__construct(/var/www/html/prestashop/prestashop/var/cache/prod/pools/SHyjmAKqf7/): failed to open dir: No such file or directory at /var/www/html/prestashop/prestashop/vendor/symfony/symfony/src/Symfony/Component/Cache/Traits/FilesystemCommonTrait.php:58)"} []
[2021-11-02 21:48:36] cache.WARNING: Failed to clear the cache {"exception":"[object] (UnexpectedValueException(code: 0): RecursiveDirectoryIterator::__construct(/var/www/html/prestashop/prestashop/var/cache/prod/pools/0hFSV4afJj/): failed to open dir: No such file or directory at /var/www/html/prestashop/prestashop/vendor/symfony/symfony/src/Symfony/Component/Cache/Traits/FilesystemCommonTrait.php:58)"} []
[2021-11-02 21:48:36] security.DEBUG: Stored the security token in the session. {"key":"_security_main"} []
[2021-11-02 21:56:57] request.INFO: Matched route "api_translation_value_edit". {"route":"api_translation_value_edit","route_parameters":{"_controller":"prestashop.core.api.translation.controller:translationEditAction","_legacy_controller":"AdminTranslations","_route":"api_translation_value_edit"},"request_uri":"http://localhost/prestashop/prestashop/admin057uc2t3k/index.php/api/translations/edit?_token=E35pwG9S1ircJykpEPfZRFKPRsQmCehOa7bulfz4Ylg","method":"POST"} []
[2021-11-02 21:56:57] security.DEBUG: Read existing security token from the session. {"key":"_security_main","token_class":"Symfony\\Component\\Security\\Core\\Authentication\\Token\\UsernamePasswordToken"} []
[2021-11-02 21:56:57] security.DEBUG: User was reloaded from a user provider. {"provider":"PrestaShopBundle\\Security\\Admin\\EmployeeProvider","username":"hm@example.com"} []
[2021-11-02 21:56:58] app.ERROR: No result was found for query although at least one row was expected. {"object_type":"Translation"} []
[2021-11-02 21:56:58] app.ERROR: No result was found for query although at least one row was expected. {"object_type":"Translation"} []
[2021-11-02 21:56:58] app.ERROR: No result was found for query although at least one row was expected. {"object_type":"Translation"} []
[2021-11-02 21:56:58] app.ERROR: No result was found for query although at least one row was expected. {"object_type":"Translation"} []
[2021-11-02 21:56:58] cache.WARNING: Failed to clear the cache {"exception":"[object] (UnexpectedValueException(code: 0): RecursiveDirectoryIterator::__construct(/var/www/html/prestashop/prestashop/var/cache/prod/pools/Ufcf4U+E1i/): failed to open dir: No such file or directory at /var/www/html/prestashop/prestashop/vendor/symfony/symfony/src/Symfony/Component/Cache/Traits/FilesystemCommonTrait.php:58)"} []
[2021-11-02 21:56:58] cache.WARNING: Failed to clear the cache {"exception":"[object] (UnexpectedValueException(code: 0): RecursiveDirectoryIterator::__construct(/var/www/html/prestashop/prestashop/var/cache/prod/pools/IXeXzCpszV/): failed to open dir: No such file or directory at /var/www/html/prestashop/prestashop/vendor/symfony/symfony/src/Symfony/Component/Cache/Traits/FilesystemCommonTrait.php:58)"} []
[2021-11-02 21:56:58] cache.WARNING: Failed to clear the cache {"exception":"[object] (UnexpectedValueException(code: 0): RecursiveDirectoryIterator::__construct(/var/www/html/prestashop/prestashop/var/cache/prod/pools/SHyjmAKqf7/): failed to open dir: No such file or directory at /var/www/html/prestashop/prestashop/vendor/symfony/symfony/src/Symfony/Component/Cache/Traits/FilesystemCommonTrait.php:58)"} []
[2021-11-02 21:56:58] cache.WARNING: Failed to clear the cache {"exception":"[object] (UnexpectedValueException(code: 0): RecursiveDirectoryIterator::__construct(/var/www/html/prestashop/prestashop/var/cache/prod/pools/0hFSV4afJj/): failed to open dir: No such file or directory at /var/www/html/prestashop/prestashop/vendor/symfony/symfony/src/Symfony/Component/Cache/Traits/FilesystemCommonTrait.php:58)"} []
[2021-11-02 21:56:58] security.DEBUG: Stored the security token in the session. {"key":"_security_main"} []
[2021-11-02 22:06:46] request.INFO: Matched route "api_translation_value_edit". {"route":"api_translation_value_edit","route_parameters":{"_controller":"prestashop.core.api.translation.controller:translationEditAction","_legacy_controller":"AdminTranslations","_route":"api_translation_value_edit"},"request_uri":"http://localhost/prestashop/prestashop/admin057uc2t3k/index.php/api/translations/edit?_token=E35pwG9S1ircJykpEPfZRFKPRsQmCehOa7bulfz4Ylg","method":"POST"} []
[2021-11-02 22:06:46] security.DEBUG: Read existing security token from the session. {"key":"_security_main","token_class":"Symfony\\Component\\Security\\Core\\Authentication\\Token\\UsernamePasswordToken"} []
[2021-11-02 22:06:46] security.DEBUG: User was reloaded from a user provider. {"provider":"PrestaShopBundle\\Security\\Admin\\EmployeeProvider","username":"hm@example.com"} []
[2021-11-02 22:06:46] app.ERROR: No result was found for query although at least one row was expected. {"object_type":"Translation"} []
[2021-11-02 22:06:46] cache.WARNING: Failed to clear the cache {"exception":"[object] (UnexpectedValueException(code: 0): RecursiveDirectoryIterator::__construct(/var/www/html/prestashop/prestashop/var/cache/prod/pools/Ufcf4U+E1i/): failed to open dir: No such file or directory at /var/www/html/prestashop/prestashop/vendor/symfony/symfony/src/Symfony/Component/Cache/Traits/FilesystemCommonTrait.php:58)"} []
[2021-11-02 22:06:46] cache.WARNING: Failed to clear the cache {"exception":"[object] (UnexpectedValueException(code: 0): RecursiveDirectoryIterator::__construct(/var/www/html/prestashop/prestashop/var/cache/prod/pools/IXeXzCpszV/): failed to open dir: No such file or directory at /var/www/html/prestashop/prestashop/vendor/symfony/symfony/src/Symfony/Component/Cache/Traits/FilesystemCommonTrait.php:58)"} []
[2021-11-02 22:06:46] cache.WARNING: Failed to clear the cache {"exception":"[object] (UnexpectedValueException(code: 0): RecursiveDirectoryIterator::__construct(/var/www/html/prestashop/prestashop/var/cache/prod/pools/SHyjmAKqf7/): failed to open dir: No such file or directory at /var/www/html/prestashop/prestashop/vendor/symfony/symfony/src/Symfony/Component/Cache/Traits/FilesystemCommonTrait.php:58)"} []
[2021-11-02 22:06:46] cache.WARNING: Failed to clear the cache {"exception":"[object] (UnexpectedValueException(code: 0): RecursiveDirectoryIterator::__construct(/var/www/html/prestashop/prestashop/var/cache/prod/pools/0hFSV4afJj/): failed to open dir: No such file or directory at /var/www/html/prestashop/prestashop/vendor/symfony/symfony/src/Symfony/Component/Cache/Traits/FilesystemCommonTrait.php:58)"} []
[2021-11-02 22:06:46] security.DEBUG: Stored the security token in the session. {"key":"_security_main"} []
[2021-11-02 22:45:25] request.INFO: Matched route "api_translation_value_edit". {"route":"api_translation_value_edit","route_parameters":{"_controller":"prestashop.core.api.translation.controller:translationEditAction","_legacy_controller":"AdminTranslations","_route":"api_translation_value_edit"},"request_uri":"http://localhost/prestashop/prestashop/admin057uc2t3k/index.php/api/translations/edit?_token=E35pwG9S1ircJykpEPfZRFKPRsQmCehOa7bulfz4Ylg","method":"POST"} []
[2021-11-02 22:45:25] security.DEBUG: Read existing security token from the session. {"key":"_security_main","token_class":"Symfony\\Component\\Security\\Core\\Authentication\\Token\\UsernamePasswordToken"} []
[2021-11-02 22:45:25] security.DEBUG: User was reloaded from a user provider. {"provider":"PrestaShopBundle\\Security\\Admin\\EmployeeProvider","username":"hm@example.com"} []
[2021-11-02 22:45:25] app.ERROR: No result was found for query although at least one row was expected. {"object_type":"Translation"} []
[2021-11-02 22:45:25] app.ERROR: No result was found for query although at least one row was expected. {"object_type":"Translation"} []
[2021-11-02 22:45:25] app.ERROR: You must specify as many arguments (%d, %s ...) as the original string. {"object_type":"Translation"} []
[2021-11-02 22:45:25] app.ERROR: No result was found for query although at least one row was expected. {"object_type":"Translation"} []
[2021-11-02 22:45:25] app.ERROR: No result was found for query although at least one row was expected. {"object_type":"Translation"} []
[2021-11-02 22:45:25] app.ERROR: No result was found for query although at least one row was expected. {"object_type":"Translation"} []
[2021-11-02 22:45:25] app.ERROR: No result was found for query although at least one row was expected. {"object_type":"Translation"} []
[2021-11-02 22:45:25] app.ERROR: No result was found for query although at least one row was expected. {"object_type":"Translation"} []
[2021-11-02 22:45:25] app.ERROR: No result was found for query although at least one row was expected. {"object_type":"Translation"} []
[2021-11-02 22:45:26] cache.WARNING: Failed to clear the cache {"exception":"[object] (UnexpectedValueException(code: 0): RecursiveDirectoryIterator::__construct(/var/www/html/prestashop/prestashop/var/cache/prod/pools/Ufcf4U+E1i/): failed to open dir: No such file or directory at /var/www/html/prestashop/prestashop/vendor/symfony/symfony/src/Symfony/Component/Cache/Traits/FilesystemCommonTrait.php:58)"} []
[2021-11-02 22:45:26] cache.WARNING: Failed to clear the cache {"exception":"[object] (UnexpectedValueException(code: 0): RecursiveDirectoryIterator::__construct(/var/www/html/prestashop/prestashop/var/cache/prod/pools/IXeXzCpszV/): failed to open dir: No such file or directory at /var/www/html/prestashop/prestashop/vendor/symfony/symfony/src/Symfony/Component/Cache/Traits/FilesystemCommonTrait.php:58)"} []
[2021-11-02 22:45:26] cache.WARNING: Failed to clear the cache {"exception":"[object] (UnexpectedValueException(code: 0): RecursiveDirectoryIterator::__construct(/var/www/html/prestashop/prestashop/var/cache/prod/pools/SHyjmAKqf7/): failed to open dir: No such file or directory at /var/www/html/prestashop/prestashop/vendor/symfony/symfony/src/Symfony/Component/Cache/Traits/FilesystemCommonTrait.php:58)"} []
[2021-11-02 22:45:26] cache.WARNING: Failed to clear the cache {"exception":"[object] (UnexpectedValueException(code: 0): RecursiveDirectoryIterator::__construct(/var/www/html/prestashop/prestashop/var/cache/prod/pools/0hFSV4afJj/): failed to open dir: No such file or directory at /var/www/html/prestashop/prestashop/vendor/symfony/symfony/src/Symfony/Component/Cache/Traits/FilesystemCommonTrait.php:58)"} []
[2021-11-02 22:45:26] security.DEBUG: Stored the security token in the session. {"key":"_security_main"} []
[2021-11-02 22:48:55] request.INFO: Matched route "api_translation_value_edit". {"route":"api_translation_value_edit","route_parameters":{"_controller":"prestashop.core.api.translation.controller:translationEditAction","_legacy_controller":"AdminTranslations","_route":"api_translation_value_edit"},"request_uri":"http://localhost/prestashop/prestashop/admin057uc2t3k/index.php/api/translations/edit?_token=E35pwG9S1ircJykpEPfZRFKPRsQmCehOa7bulfz4Ylg","method":"POST"} []
[2021-11-02 22:48:55] security.DEBUG: Read existing security token from the session. {"key":"_security_main","token_class":"Symfony\\Component\\Security\\Core\\Authentication\\Token\\UsernamePasswordToken"} []
[2021-11-02 22:48:55] security.DEBUG: User was reloaded from a user provider. {"provider":"PrestaShopBundle\\Security\\Admin\\EmployeeProvider","username":"hm@example.com"} []
[2021-11-02 22:48:55] app.ERROR: No result was found for query although at least one row was expected. {"object_type":"Translation"} []
[2021-11-02 22:48:55] app.ERROR: No result was found for query although at least one row was expected. {"object_type":"Translation"} []
[2021-11-02 22:48:55] app.ERROR: No result was found for query although at least one row was expected. {"object_type":"Translation"} []
[2021-11-02 22:48:55] app.ERROR: No result was found for query although at least one row was expected. {"object_type":"Translation"} []
[2021-11-02 22:48:55] app.ERROR: No result was found for query although at least one row was expected. {"object_type":"Translation"} []
[2021-11-02 22:48:55] app.ERROR: No result was found for query although at least one row was expected. {"object_type":"Translation"} []
[2021-11-02 22:48:55] app.ERROR: No result was found for query although at least one row was expected. {"object_type":"Translation"} []
[2021-11-02 22:48:55] app.ERROR: No result was found for query although at least one row was expected. {"object_type":"Translation"} []
[2021-11-02 22:48:55] app.ERROR: No result was found for query although at least one row was expected. {"object_type":"Translation"} []
[2021-11-02 22:48:55] app.ERROR: No result was found for query although at least one row was expected. {"object_type":"Translation"} []
[2021-11-02 22:48:55] app.ERROR: No result was found for query although at least one row was expected. {"object_type":"Translation"} []
[2021-11-02 22:48:55] app.ERROR: No result was found for query although at least one row was expected. {"object_type":"Translation"} []
[2021-11-02 22:48:55] app.ERROR: No result was found for query although at least one row was expected. {"object_type":"Translation"} []
[2021-11-02 22:48:55] app.ERROR: No result was found for query although at least one row was expected. {"object_type":"Translation"} []
[2021-11-02 22:48:55] app.ERROR: You must specify as many arguments (%d, %s ...) as the original string. {"object_type":"Translation"} []
[2021-11-02 22:48:55] cache.WARNING: Failed to clear the cache {"exception":"[object] (UnexpectedValueException(code: 0): RecursiveDirectoryIterator::__construct(/var/www/html/prestashop/prestashop/var/cache/prod/pools/Ufcf4U+E1i/): failed to open dir: No such file or directory at /var/www/html/prestashop/prestashop/vendor/symfony/symfony/src/Symfony/Component/Cache/Traits/FilesystemCommonTrait.php:58)"} []
[2021-11-02 22:48:55] cache.WARNING: Failed to clear the cache {"exception":"[object] (UnexpectedValueException(code: 0): RecursiveDirectoryIterator::__construct(/var/www/html/prestashop/prestashop/var/cache/prod/pools/IXeXzCpszV/): failed to open dir: No such file or directory at /var/www/html/prestashop/prestashop/vendor/symfony/symfony/src/Symfony/Component/Cache/Traits/FilesystemCommonTrait.php:58)"} []
[2021-11-02 22:48:55] cache.WARNING: Failed to clear the cache {"exception":"[object] (UnexpectedValueException(code: 0): RecursiveDirectoryIterator::__construct(/var/www/html/prestashop/prestashop/var/cache/prod/pools/SHyjmAKqf7/): failed to open dir: No such file or directory at /var/www/html/prestashop/prestashop/vendor/symfony/symfony/src/Symfony/Component/Cache/Traits/FilesystemCommonTrait.php:58)"} []
[2021-11-02 22:48:55] cache.WARNING: Failed to clear the cache {"exception":"[object] (UnexpectedValueException(code: 0): RecursiveDirectoryIterator::__construct(/var/www/html/prestashop/prestashop/var/cache/prod/pools/0hFSV4afJj/): failed to open dir: No such file or directory at /var/www/html/prestashop/prestashop/vendor/symfony/symfony/src/Symfony/Component/Cache/Traits/FilesystemCommonTrait.php:58)"} []
[2021-11-02 22:48:55] security.DEBUG: Stored the security token in the session. {"key":"_security_main"} []
[2021-11-02 22:49:52] request.INFO: Matched route "api_translation_value_edit". {"route":"api_translation_value_edit","route_parameters":{"_controller":"prestashop.core.api.translation.controller:translationEditAction","_legacy_controller":"AdminTranslations","_route":"api_translation_value_edit"},"request_uri":"http://localhost/prestashop/prestashop/admin057uc2t3k/index.php/api/translations/edit?_token=E35pwG9S1ircJykpEPfZRFKPRsQmCehOa7bulfz4Ylg","method":"POST"} []
[2021-11-02 22:49:52] security.DEBUG: Read existing security token from the session. {"key":"_security_main","token_class":"Symfony\\Component\\Security\\Core\\Authentication\\Token\\UsernamePasswordToken"} []
[2021-11-02 22:49:52] security.DEBUG: User was reloaded from a user provider. {"provider":"PrestaShopBundle\\Security\\Admin\\EmployeeProvider","username":"hm@example.com"} []
[2021-11-02 22:49:52] app.ERROR: No result was found for query although at least one row was expected. {"object_type":"Translation"} []
[2021-11-02 22:49:52] app.ERROR: You must specify as many arguments (%d, %s ...) as the original string. {"object_type":"Translation"} []
[2021-11-02 22:49:52] cache.WARNING: Failed to clear the cache {"exception":"[object] (UnexpectedValueException(code: 0): RecursiveDirectoryIterator::__construct(/var/www/html/prestashop/prestashop/var/cache/prod/pools/Ufcf4U+E1i/): failed to open dir: No such file or directory at /var/www/html/prestashop/prestashop/vendor/symfony/symfony/src/Symfony/Component/Cache/Traits/FilesystemCommonTrait.php:58)"} []
[2021-11-02 22:49:52] cache.WARNING: Failed to clear the cache {"exception":"[object] (UnexpectedValueException(code: 0): RecursiveDirectoryIterator::__construct(/var/www/html/prestashop/prestashop/var/cache/prod/pools/IXeXzCpszV/): failed to open dir: No such file or directory at /var/www/html/prestashop/prestashop/vendor/symfony/symfony/src/Symfony/Component/Cache/Traits/FilesystemCommonTrait.php:58)"} []
[2021-11-02 22:49:52] cache.WARNING: Failed to clear the cache {"exception":"[object] (UnexpectedValueException(code: 0): RecursiveDirectoryIterator::__construct(/var/www/html/prestashop/prestashop/var/cache/prod/pools/SHyjmAKqf7/): failed to open dir: No such file or directory at /var/www/html/prestashop/prestashop/vendor/symfony/symfony/src/Symfony/Component/Cache/Traits/FilesystemCommonTrait.php:58)"} []
[2021-11-02 22:49:52] cache.WARNING: Failed to clear the cache {"exception":"[object] (UnexpectedValueException(code: 0): RecursiveDirectoryIterator::__construct(/var/www/html/prestashop/prestashop/var/cache/prod/pools/0hFSV4afJj/): failed to open dir: No such file or directory at /var/www/html/prestashop/prestashop/vendor/symfony/symfony/src/Symfony/Component/Cache/Traits/FilesystemCommonTrait.php:58)"} []
[2021-11-02 22:49:52] security.DEBUG: Stored the security token in the session. {"key":"_security_main"} []
[2021-11-02 22:51:45] request.INFO: Matched route "api_translation_value_edit". {"route":"api_translation_value_edit","route_parameters":{"_controller":"prestashop.core.api.translation.controller:translationEditAction","_legacy_controller":"AdminTranslations","_route":"api_translation_value_edit"},"request_uri":"http://localhost/prestashop/prestashop/admin057uc2t3k/index.php/api/translations/edit?_token=E35pwG9S1ircJykpEPfZRFKPRsQmCehOa7bulfz4Ylg","method":"POST"} []
[2021-11-02 22:51:45] security.DEBUG: Read existing security token from the session. {"key":"_security_main","token_class":"Symfony\\Component\\Security\\Core\\Authentication\\Token\\UsernamePasswordToken"} []
[2021-11-02 22:51:45] security.DEBUG: User was reloaded from a user provider. {"provider":"PrestaShopBundle\\Security\\Admin\\EmployeeProvider","username":"hm@example.com"} []
[2021-11-02 22:51:45] app.ERROR: No result was found for query although at least one row was expected. {"object_type":"Translation"} []
[2021-11-02 22:51:45] app.ERROR: No result was found for query although at least one row was expected. {"object_type":"Translation"} []
[2021-11-02 22:51:45] cache.WARNING: Failed to clear the cache {"exception":"[object] (UnexpectedValueException(code: 0): RecursiveDirectoryIterator::__construct(/var/www/html/prestashop/prestashop/var/cache/prod/pools/Ufcf4U+E1i/): failed to open dir: No such file or directory at /var/www/html/prestashop/prestashop/vendor/symfony/symfony/src/Symfony/Component/Cache/Traits/FilesystemCommonTrait.php:58)"} []
[2021-11-02 22:51:45] cache.WARNING: Failed to clear the cache {"exception":"[object] (UnexpectedValueException(code: 0): RecursiveDirectoryIterator::__construct(/var/www/html/prestashop/prestashop/var/cache/prod/pools/IXeXzCpszV/): failed to open dir: No such file or directory at /var/www/html/prestashop/prestashop/vendor/symfony/symfony/src/Symfony/Component/Cache/Traits/FilesystemCommonTrait.php:58)"} []
[2021-11-02 22:51:45] cache.WARNING: Failed to clear the cache {"exception":"[object] (UnexpectedValueException(code: 0): RecursiveDirectoryIterator::__construct(/var/www/html/prestashop/prestashop/var/cache/prod/pools/SHyjmAKqf7/): failed to open dir: No such file or directory at /var/www/html/prestashop/prestashop/vendor/symfony/symfony/src/Symfony/Component/Cache/Traits/FilesystemCommonTrait.php:58)"} []
[2021-11-02 22:51:45] cache.WARNING: Failed to clear the cache {"exception":"[object] (UnexpectedValueException(code: 0): RecursiveDirectoryIterator::__construct(/var/www/html/prestashop/prestashop/var/cache/prod/pools/0hFSV4afJj/): failed to open dir: No such file or directory at /var/www/html/prestashop/prestashop/vendor/symfony/symfony/src/Symfony/Component/Cache/Traits/FilesystemCommonTrait.php:58)"} []
[2021-11-02 22:51:45] security.DEBUG: Stored the security token in the session. {"key":"_security_main"} []
[2021-11-02 22:58:31] request.INFO: Matched route "api_translation_value_edit". {"route":"api_translation_value_edit","route_parameters":{"_controller":"prestashop.core.api.translation.controller:translationEditAction","_legacy_controller":"AdminTranslations","_route":"api_translation_value_edit"},"request_uri":"http://localhost/prestashop/prestashop/admin057uc2t3k/index.php/api/translations/edit?_token=E35pwG9S1ircJykpEPfZRFKPRsQmCehOa7bulfz4Ylg","method":"POST"} []
[2021-11-02 22:58:31] security.DEBUG: Read existing security token from the session. {"key":"_security_main","token_class":"Symfony\\Component\\Security\\Core\\Authentication\\Token\\UsernamePasswordToken"} []
[2021-11-02 22:58:31] security.DEBUG: User was reloaded from a user provider. {"provider":"PrestaShopBundle\\Security\\Admin\\EmployeeProvider","username":"hm@example.com"} []
[2021-11-02 22:58:31] app.ERROR: No result was found for query although at least one row was expected. {"object_type":"Translation"} []
[2021-11-02 22:58:31] cache.WARNING: Failed to clear the cache {"exception":"[object] (UnexpectedValueException(code: 0): RecursiveDirectoryIterator::__construct(/var/www/html/prestashop/prestashop/var/cache/prod/pools/Ufcf4U+E1i/): failed to open dir: No such file or directory at /var/www/html/prestashop/prestashop/vendor/symfony/symfony/src/Symfony/Component/Cache/Traits/FilesystemCommonTrait.php:58)"} []
[2021-11-02 22:58:31] cache.WARNING: Failed to clear the cache {"exception":"[object] (UnexpectedValueException(code: 0): RecursiveDirectoryIterator::__construct(/var/www/html/prestashop/prestashop/var/cache/prod/pools/IXeXzCpszV/): failed to open dir: No such file or directory at /var/www/html/prestashop/prestashop/vendor/symfony/symfony/src/Symfony/Component/Cache/Traits/FilesystemCommonTrait.php:58)"} []
[2021-11-02 22:58:31] cache.WARNING: Failed to clear the cache {"exception":"[object] (UnexpectedValueException(code: 0): RecursiveDirectoryIterator::__construct(/var/www/html/prestashop/prestashop/var/cache/prod/pools/SHyjmAKqf7/): failed to open dir: No such file or directory at /var/www/html/prestashop/prestashop/vendor/symfony/symfony/src/Symfony/Component/Cache/Traits/FilesystemCommonTrait.php:58)"} []
[2021-11-02 22:58:31] cache.WARNING: Failed to clear the cache {"exception":"[object] (UnexpectedValueException(code: 0): RecursiveDirectoryIterator::__construct(/var/www/html/prestashop/prestashop/var/cache/prod/pools/0hFSV4afJj/): failed to open dir: No such file or directory at /var/www/html/prestashop/prestashop/vendor/symfony/symfony/src/Symfony/Component/Cache/Traits/FilesystemCommonTrait.php:58)"} []
[2021-11-02 22:58:31] security.DEBUG: Stored the security token in the session. {"key":"_security_main"} []
[2021-11-02 23:01:10] request.INFO: Matched route "api_translation_value_edit". {"route":"api_translation_value_edit","route_parameters":{"_controller":"prestashop.core.api.translation.controller:translationEditAction","_legacy_controller":"AdminTranslations","_route":"api_translation_value_edit"},"request_uri":"http://localhost/prestashop/prestashop/admin057uc2t3k/index.php/api/translations/edit?_token=E35pwG9S1ircJykpEPfZRFKPRsQmCehOa7bulfz4Ylg","method":"POST"} []
[2021-11-02 23:01:10] security.DEBUG: Read existing security token from the session. {"key":"_security_main","token_class":"Symfony\\Component\\Security\\Core\\Authentication\\Token\\UsernamePasswordToken"} []
[2021-11-02 23:01:10] security.DEBUG: User was reloaded from a user provider. {"provider":"PrestaShopBundle\\Security\\Admin\\EmployeeProvider","username":"hm@example.com"} []
[2021-11-02 23:01:10] app.ERROR: No result was found for query although at least one row was expected. {"object_type":"Translation"} []
[2021-11-02 23:01:10] cache.WARNING: Failed to clear the cache {"exception":"[object] (UnexpectedValueException(code: 0): RecursiveDirectoryIterator::__construct(/var/www/html/prestashop/prestashop/var/cache/prod/pools/Ufcf4U+E1i/): failed to open dir: No such file or directory at /var/www/html/prestashop/prestashop/vendor/symfony/symfony/src/Symfony/Component/Cache/Traits/FilesystemCommonTrait.php:58)"} []
[2021-11-02 23:01:10] cache.WARNING: Failed to clear the cache {"exception":"[object] (UnexpectedValueException(code: 0): RecursiveDirectoryIterator::__construct(/var/www/html/prestashop/prestashop/var/cache/prod/pools/IXeXzCpszV/): failed to open dir: No such file or directory at /var/www/html/prestashop/prestashop/vendor/symfony/symfony/src/Symfony/Component/Cache/Traits/FilesystemCommonTrait.php:58)"} []
[2021-11-02 23:01:10] cache.WARNING: Failed to clear the cache {"exception":"[object] (UnexpectedValueException(code: 0): RecursiveDirectoryIterator::__construct(/var/www/html/prestashop/prestashop/var/cache/prod/pools/SHyjmAKqf7/): failed to open dir: No such file or directory at /var/www/html/prestashop/prestashop/vendor/symfony/symfony/src/Symfony/Component/Cache/Traits/FilesystemCommonTrait.php:58)"} []
[2021-11-02 23:01:10] cache.WARNING: Failed to clear the cache {"exception":"[object] (UnexpectedValueException(code: 0): RecursiveDirectoryIterator::__construct(/var/www/html/prestashop/prestashop/var/cache/prod/pools/0hFSV4afJj/): failed to open dir: No such file or directory at /var/www/html/prestashop/prestashop/vendor/symfony/symfony/src/Symfony/Component/Cache/Traits/FilesystemCommonTrait.php:58)"} []
[2021-11-02 23:01:10] security.DEBUG: Stored the security token in the session. {"key":"_security_main"} []
[2021-11-08 16:06:17] request.INFO: Matched route "admin_performance". {"route":"admin_performance","route_parameters":{"_controller":"PrestaShopBundle\\Controller\\Admin\\Configure\\AdvancedParameters\\PerformanceController::indexAction","_legacy_controller":"AdminPerformance","_legacy_link":"AdminPerformance","_route":"admin_performance"},"request_uri":"http://localhost/prestashop/prestashop/admin057uc2t3k/index.php/configure/advanced/performance/?_token=2HoeCteNjFAXvcrpV1nedL-l1suNn84v34T8DoK05Ds","method":"GET"} []
[2021-11-08 16:06:17] security.DEBUG: Read existing security token from the session. {"key":"_security_main","token_class":"Symfony\\Component\\Security\\Core\\Authentication\\Token\\UsernamePasswordToken"} []
[2021-11-08 16:06:17] security.DEBUG: User was reloaded from a user provider. {"provider":"PrestaShopBundle\\Security\\Admin\\EmployeeProvider","username":"rb@example.com"} []
[2021-11-08 16:06:17] request.CRITICAL: Uncaught PHP Exception Doctrine\DBAL\DBALException: "An exception occured while establishing a connection to figure out your platform version. You can circumvent this by setting a 'server_version' configuration value  For further information have a look at: https://github.com/doctrine/DoctrineBundle/issues/673" at /var/www/html/prestashop/prestashop/vendor/doctrine/doctrine-bundle/ConnectionFactory.php line 79 {"exception":"[object] (Doctrine\\DBAL\\DBALException(code: 0): An exception occured while establishing a connection to figure out your platform version.\nYou can circumvent this by setting a 'server_version' configuration value\n\nFor further information have a look at:\nhttps://github.com/doctrine/DoctrineBundle/issues/673 at /var/www/html/prestashop/prestashop/vendor/doctrine/doctrine-bundle/ConnectionFactory.php:79, Doctrine\\DBAL\\Exception\\ConnectionException(code: 0): An exception occurred in driver: SQLSTATE[HY000] [1045] Access denied for user 'hanna'@'localhost' (using password: YES) at /var/www/html/prestashop/prestashop/vendor/doctrine/dbal/lib/Doctrine/DBAL/Driver/AbstractMySQLDriver.php:93, Doctrine\\DBAL\\Driver\\PDOException(code: 1045): SQLSTATE[HY000] [1045] Access denied for user 'hanna'@'localhost' (using password: YES) at /var/www/html/prestashop/prestashop/vendor/doctrine/dbal/lib/Doctrine/DBAL/Driver/PDOConnection.php:31, PDOException(code: 1045): SQLSTATE[HY000] [1045] Access denied for user 'hanna'@'localhost' (using password: YES) at /var/www/html/prestashop/prestashop/vendor/doctrine/dbal/lib/Doctrine/DBAL/Driver/PDOConnection.php:27)"} []
[2021-11-08 16:06:17] request.CRITICAL: Exception thrown when handling an exception (Doctrine\DBAL\DBALException: An exception occured while establishing a connection to figure out your platform version. You can circumvent this by setting a 'server_version' configuration value  For further information have a look at: https://github.com/doctrine/DoctrineBundle/issues/673 at /var/www/html/prestashop/prestashop/vendor/doctrine/doctrine-bundle/ConnectionFactory.php line 79) {"exception":"[object] (Doctrine\\DBAL\\DBALException(code: 0): An exception occured while establishing a connection to figure out your platform version.\nYou can circumvent this by setting a 'server_version' configuration value\n\nFor further information have a look at:\nhttps://github.com/doctrine/DoctrineBundle/issues/673 at /var/www/html/prestashop/prestashop/vendor/doctrine/doctrine-bundle/ConnectionFactory.php:79, Doctrine\\DBAL\\Exception\\ConnectionException(code: 0): An exception occurred in driver: SQLSTATE[HY000] [1045] Access denied for user 'hanna'@'localhost' (using password: YES) at /var/www/html/prestashop/prestashop/vendor/doctrine/dbal/lib/Doctrine/DBAL/Driver/AbstractMySQLDriver.php:93, Doctrine\\DBAL\\Driver\\PDOException(code: 1045): SQLSTATE[HY000] [1045] Access denied for user 'hanna'@'localhost' (using password: YES) at /var/www/html/prestashop/prestashop/vendor/doctrine/dbal/lib/Doctrine/DBAL/Driver/PDOConnection.php:31, PDOException(code: 1045): SQLSTATE[HY000] [1045] Access denied for user 'hanna'@'localhost' (using password: YES) at /var/www/html/prestashop/prestashop/vendor/doctrine/dbal/lib/Doctrine/DBAL/Driver/PDOConnection.php:27)"} []
